[0m12:41:05.057418 [debug] [Thread-3  ]: Writing injected SQL for node "test.football_data_pipeline.not_null_fact_standings_team_id.b0a28b1153"
[0m12:41:05.074707 [debug] [Thread-3  ]: Began executing node test.football_data_pipeline.not_null_fact_standings_team_id.b0a28b1153
[0m12:41:05.079660 [debug] [Thread-3  ]: Writing runtime sql for node "test.football_data_pipeline.not_null_fact_standings_team_id.b0a28b1153"
[0m12:41:05.087371 [debug] [Thread-3  ]: Opening a new connection, currently in state closed
[0m12:41:05.121408 [debug] [Thread-3  ]: On test.football_data_pipeline.not_null_fact_standings_team_id.b0a28b1153: /* {"app": "dbt", "dbt_version": "1.8.7", "profile_name": "football_data_pipeline", "target_name": "dev", "node_id": "test.football_data_pipeline.not_null_fact_standings_team_id.b0a28b1153"} */
select
      count(*) as failures,
      count(*) != 0 as should_warn,
      count(*) != 0 as should_error
    from (
      
    
    



select team_id
from `football-data-pipeline`.`football_data_gold`.`fact_standings`
where team_id is null



      
    ) dbt_internal_test
[0m12:41:05.123764 [debug] [Thread-2  ]: BigQuery adapter: https://console.cloud.google.com/bigquery?project=football-data-pipeline&j=bq:EU:fb1f0877-15a4-41bb-9efe-8bf622fed284&page=queryresults
[0m12:41:05.125120 [error] [Thread-2  ]: BigQuery adapter: https://console.cloud.google.com/bigquery?project=football-data-pipeline&j=bq:EU:fb1f0877-15a4-41bb-9efe-8bf622fed284&page=queryresults
[0m12:41:05.127806 [debug] [Thread-2  ]: Database Error in test not_null_fact_standings_position (models/gold/schema_tests.yml)
  Unrecognized name: position at [15:7]
  compiled code at target/run/football_data_pipeline/models/gold/schema_tests.yml/not_null_fact_standings_position.sql
[0m12:41:05.129137 [error] [Thread-2  ]: 78 of 92 ERROR not_null_fact_standings_position ................................ [[31mERROR[0m in 0.82s]
[0m12:41:05.130343 [debug] [Thread-2  ]: Finished running node test.football_data_pipeline.not_null_fact_standings_position.590552a663
[0m12:41:05.131201 [debug] [Thread-2  ]: Began running node test.football_data_pipeline.not_null_fact_standings_won.e7eb9ca281
[0m12:41:05.132148 [info ] [Thread-2  ]: 81 of 92 START test not_null_fact_standings_won ................................ [RUN]
[0m12:41:05.132920 [debug] [Thread-2  ]: Re-using an available connection from the pool (formerly test.football_data_pipeline.not_null_fact_standings_position.590552a663, now test.football_data_pipeline.not_null_fact_standings_won.e7eb9ca281)
[0m12:41:05.133661 [debug] [Thread-2  ]: Began compiling node test.football_data_pipeline.not_null_fact_standings_won.e7eb9ca281
[0m12:41:05.138878 [debug] [Thread-2  ]: Writing injected SQL for node "test.football_data_pipeline.not_null_fact_standings_won.e7eb9ca281"
[0m12:41:05.146170 [debug] [Thread-2  ]: Began executing node test.football_data_pipeline.not_null_fact_standings_won.e7eb9ca281
[0m12:41:05.149952 [debug] [Thread-2  ]: Writing runtime sql for node "test.football_data_pipeline.not_null_fact_standings_won.e7eb9ca281"
[0m12:41:05.157544 [debug] [Thread-2  ]: Opening a new connection, currently in state closed
[0m12:41:05.164304 [info ] [Thread-4  ]: 77 of 92 PASS not_null_fact_standings_points ................................... [[32mPASS[0m in 0.94s]
[0m12:41:05.165378 [debug] [Thread-4  ]: Finished running node test.football_data_pipeline.not_null_fact_standings_points.05046c7881
[0m12:41:05.166187 [debug] [Thread-4  ]: Began running node test.football_data_pipeline.season_start_before_end_dim_seasons_.ab854bcbc1
[0m12:41:05.166973 [info ] [Thread-4  ]: 82 of 92 START test season_start_before_end_dim_seasons_ ....................... [RUN]
[0m12:41:05.167690 [debug] [Thread-4  ]: Re-using an available connection from the pool (formerly test.football_data_pipeline.not_null_fact_standings_points.05046c7881, now test.football_data_pipeline.season_start_before_end_dim_seasons_.ab854bcbc1)
[0m12:41:05.168367 [debug] [Thread-4  ]: Began compiling node test.football_data_pipeline.season_start_before_end_dim_seasons_.ab854bcbc1
[0m12:41:05.173334 [debug] [Thread-4  ]: Writing injected SQL for node "test.football_data_pipeline.season_start_before_end_dim_seasons_.ab854bcbc1"
[0m12:41:05.180792 [debug] [Thread-4  ]: Began executing node test.football_data_pipeline.season_start_before_end_dim_seasons_.ab854bcbc1
[0m12:41:05.184570 [debug] [Thread-4  ]: Writing runtime sql for node "test.football_data_pipeline.season_start_before_end_dim_seasons_.ab854bcbc1"
[0m12:41:05.191556 [debug] [Thread-2  ]: On test.football_data_pipeline.not_null_fact_standings_won.e7eb9ca281: /* {"app": "dbt", "dbt_version": "1.8.7", "profile_name": "football_data_pipeline", "target_name": "dev", "node_id": "test.football_data_pipeline.not_null_fact_standings_won.e7eb9ca281"} */
select
      count(*) as failures,
      count(*) != 0 as should_warn,
      count(*) != 0 as should_error
    from (
      
    
    



select won
from `football-data-pipeline`.`football_data_gold`.`fact_standings`
where won is null



      
    ) dbt_internal_test
[0m12:41:05.192158 [debug] [Thread-4  ]: Opening a new connection, currently in state closed
[0m12:41:05.228290 [debug] [Thread-4  ]: On test.football_data_pipeline.season_start_before_end_dim_seasons_.ab854bcbc1: /* {"app": "dbt", "dbt_version": "1.8.7", "profile_name": "football_data_pipeline", "target_name": "dev", "node_id": "test.football_data_pipeline.season_start_before_end_dim_seasons_.ab854bcbc1"} */
select
      count(*) as failures,
      count(*) != 0 as should_warn,
      count(*) != 0 as should_error
    from (
      
    SELECT *
    FROM `football-data-pipeline`.`football_data_gold`.`dim_seasons`
    WHERE season_start_date >= season_end_date

      
    ) dbt_internal_test
[0m12:41:05.681858 [debug] [Thread-3  ]: BigQuery adapter: https://console.cloud.google.com/bigquery?project=football-data-pipeline&j=bq:EU:2a56006f-8a1d-4719-80cd-eaef204c6294&page=queryresults
[0m12:41:05.687532 [debug] [Thread-1  ]: BigQuery adapter: https://console.cloud.google.com/bigquery?project=football-data-pipeline&j=bq:EU:0b991fc1-71f8-4f8b-b3be-396154df75ca&page=queryresults
[0m12:41:05.719738 [debug] [Thread-2  ]: BigQuery adapter: https://console.cloud.google.com/bigquery?project=football-data-pipeline&j=bq:EU:1d81822c-73e8-4393-babf-8b99f40a27a6&page=queryresults
[0m12:41:05.758235 [debug] [Thread-4  ]: BigQuery adapter: https://console.cloud.google.com/bigquery?project=football-data-pipeline&j=bq:EU:7998a6cf-c855-4d8c-aeb8-1ab25fa63a88&page=queryresults
[0m12:41:06.028685 [info ] [Thread-3  ]: 80 of 92 PASS not_null_fact_standings_team_id .................................. [[32mPASS[0m in 0.98s]
[0m12:41:06.029977 [debug] [Thread-3  ]: Finished running node test.football_data_pipeline.not_null_fact_standings_team_id.b0a28b1153
[0m12:41:06.030964 [debug] [Thread-3  ]: Began running node test.football_data_pipeline.unique_dim_areas_area_code.0aefa51ab3
[0m12:41:06.031920 [info ] [Thread-3  ]: 83 of 92 START test unique_dim_areas_area_code ................................. [RUN]
[0m12:41:06.032797 [debug] [Thread-3  ]: Re-using an available connection from the pool (formerly test.football_data_pipeline.not_null_fact_standings_team_id.b0a28b1153, now test.football_data_pipeline.unique_dim_areas_area_code.0aefa51ab3)
[0m12:41:06.033636 [debug] [Thread-3  ]: Began compiling node test.football_data_pipeline.unique_dim_areas_area_code.0aefa51ab3
[0m12:41:06.044356 [debug] [Thread-3  ]: Writing injected SQL for node "test.football_data_pipeline.unique_dim_areas_area_code.0aefa51ab3"
[0m12:41:06.055217 [debug] [Thread-3  ]: Began executing node test.football_data_pipeline.unique_dim_areas_area_code.0aefa51ab3
[0m12:41:06.059037 [debug] [Thread-3  ]: Writing runtime sql for node "test.football_data_pipeline.unique_dim_areas_area_code.0aefa51ab3"
[0m12:41:06.067356 [debug] [Thread-3  ]: Opening a new connection, currently in state closed
[0m12:41:06.077229 [info ] [Thread-4  ]: 82 of 92 PASS season_start_before_end_dim_seasons_ ............................. [[32mPASS[0m in 0.91s]
[0m12:41:06.078416 [debug] [Thread-4  ]: Finished running node test.football_data_pipeline.season_start_before_end_dim_seasons_.ab854bcbc1
[0m12:41:06.079367 [debug] [Thread-4  ]: Began running node test.football_data_pipeline.unique_dim_coaches_coach_id.ed614ba569
[0m12:41:06.080264 [info ] [Thread-4  ]: 84 of 92 START test unique_dim_coaches_coach_id ................................ [RUN]
[0m12:41:06.081075 [debug] [Thread-4  ]: Re-using an available connection from the pool (formerly test.football_data_pipeline.season_start_before_end_dim_seasons_.ab854bcbc1, now test.football_data_pipeline.unique_dim_coaches_coach_id.ed614ba569)
[0m12:41:06.081796 [debug] [Thread-4  ]: Began compiling node test.football_data_pipeline.unique_dim_coaches_coach_id.ed614ba569
[0m12:41:06.086679 [debug] [Thread-4  ]: Writing injected SQL for node "test.football_data_pipeline.unique_dim_coaches_coach_id.ed614ba569"
[0m12:41:06.093753 [debug] [Thread-4  ]: Began executing node test.football_data_pipeline.unique_dim_coaches_coach_id.ed614ba569
[0m12:41:06.097555 [debug] [Thread-4  ]: Writing runtime sql for node "test.football_data_pipeline.unique_dim_coaches_coach_id.ed614ba569"
[0m12:41:06.102938 [debug] [Thread-3  ]: On test.football_data_pipeline.unique_dim_areas_area_code.0aefa51ab3: /* {"app": "dbt", "dbt_version": "1.8.7", "profile_name": "football_data_pipeline", "target_name": "dev", "node_id": "test.football_data_pipeline.unique_dim_areas_area_code.0aefa51ab3"} */
select
      count(*) as failures,
      count(*) != 0 as should_warn,
      count(*) != 0 as should_error
    from (
      
    
    

with dbt_test__target as (

  select area_code as unique_field
  from `football-data-pipeline`.`football_data_gold`.`dim_areas`
  where area_code is not null

)

select
    unique_field,
    count(*) as n_records

from dbt_test__target
group by unique_field
having count(*) > 1



      
    ) dbt_internal_test
[0m12:41:06.105395 [info ] [Thread-2  ]: 81 of 92 PASS not_null_fact_standings_won ...................................... [[32mPASS[0m in 0.97s]
[0m12:41:06.106876 [debug] [Thread-2  ]: Finished running node test.football_data_pipeline.not_null_fact_standings_won.e7eb9ca281
[0m12:41:06.109124 [debug] [Thread-4  ]: Opening a new connection, currently in state closed
[0m12:41:06.110227 [debug] [Thread-2  ]: Began running node test.football_data_pipeline.unique_dim_competitions_competition_id.519064a676
[0m12:41:06.112337 [info ] [Thread-2  ]: 85 of 92 START test unique_dim_competitions_competition_id ..................... [RUN]
[0m12:41:06.113479 [debug] [Thread-2  ]: Re-using an available connection from the pool (formerly test.football_data_pipeline.not_null_fact_standings_won.e7eb9ca281, now test.football_data_pipeline.unique_dim_competitions_competition_id.519064a676)
[0m12:41:06.114470 [debug] [Thread-2  ]: Began compiling node test.football_data_pipeline.unique_dim_competitions_competition_id.519064a676
[0m12:41:06.119864 [debug] [Thread-2  ]: Writing injected SQL for node "test.football_data_pipeline.unique_dim_competitions_competition_id.519064a676"
[0m12:41:06.127879 [debug] [Thread-2  ]: Began executing node test.football_data_pipeline.unique_dim_competitions_competition_id.519064a676
[0m12:41:06.131926 [debug] [Thread-2  ]: Writing runtime sql for node "test.football_data_pipeline.unique_dim_competitions_competition_id.519064a676"
[0m12:41:06.139874 [debug] [Thread-2  ]: Opening a new connection, currently in state closed
[0m12:41:06.150905 [info ] [Thread-1  ]: 79 of 92 PASS not_null_fact_standings_season_id ................................ [[32mPASS[0m in 1.31s]
[0m12:41:06.151727 [debug] [Thread-4  ]: On test.football_data_pipeline.unique_dim_coaches_coach_id.ed614ba569: /* {"app": "dbt", "dbt_version": "1.8.7", "profile_name": "football_data_pipeline", "target_name": "dev", "node_id": "test.football_data_pipeline.unique_dim_coaches_coach_id.ed614ba569"} */
select
      count(*) as failures,
      count(*) != 0 as should_warn,
      count(*) != 0 as should_error
    from (
      
    
    

with dbt_test__target as (

  select coach_id as unique_field
  from `football-data-pipeline`.`football_data_gold`.`dim_coaches`
  where coach_id is not null

)

select
    unique_field,
    count(*) as n_records

from dbt_test__target
group by unique_field
having count(*) > 1



      
    ) dbt_internal_test
[0m12:41:06.152477 [debug] [Thread-1  ]: Finished running node test.football_data_pipeline.not_null_fact_standings_season_id.b2ce2eff81
[0m12:41:06.154348 [debug] [Thread-1  ]: Began running node test.football_data_pipeline.unique_dim_dates_date.bab48d2068
[0m12:41:06.155392 [info ] [Thread-1  ]: 86 of 92 START test unique_dim_dates_date ...................................... [RUN]
[0m12:41:06.156222 [debug] [Thread-1  ]: Re-using an available connection from the pool (formerly test.football_data_pipeline.not_null_fact_standings_season_id.b2ce2eff81, now test.football_data_pipeline.unique_dim_dates_date.bab48d2068)
[0m12:41:06.158266 [debug] [Thread-1  ]: Began compiling node test.football_data_pipeline.unique_dim_dates_date.bab48d2068
[0m12:41:06.164130 [debug] [Thread-1  ]: Writing injected SQL for node "test.football_data_pipeline.unique_dim_dates_date.bab48d2068"
[0m12:41:06.170772 [debug] [Thread-1  ]: Began executing node test.football_data_pipeline.unique_dim_dates_date.bab48d2068
[0m12:41:06.175848 [debug] [Thread-1  ]: Writing runtime sql for node "test.football_data_pipeline.unique_dim_dates_date.bab48d2068"
[0m12:41:06.177905 [debug] [Thread-2  ]: On test.football_data_pipeline.unique_dim_competitions_competition_id.519064a676: /* {"app": "dbt", "dbt_version": "1.8.7", "profile_name": "football_data_pipeline", "target_name": "dev", "node_id": "test.football_data_pipeline.unique_dim_competitions_competition_id.519064a676"} */
select
      count(*) as failures,
      count(*) != 0 as should_warn,
      count(*) != 0 as should_error
    from (
      
    
    

with dbt_test__target as (

  select competition_id as unique_field
  from `football-data-pipeline`.`football_data_gold`.`dim_competitions`
  where competition_id is not null

)

select
    unique_field,
    count(*) as n_records

from dbt_test__target
group by unique_field
having count(*) > 1



      
    ) dbt_internal_test
[0m12:41:06.183498 [debug] [Thread-1  ]: Opening a new connection, currently in state closed
[0m12:41:06.218798 [debug] [Thread-1  ]: On test.football_data_pipeline.unique_dim_dates_date.bab48d2068: /* {"app": "dbt", "dbt_version": "1.8.7", "profile_name": "football_data_pipeline", "target_name": "dev", "node_id": "test.football_data_pipeline.unique_dim_dates_date.bab48d2068"} */
select
      count(*) as failures,
      count(*) != 0 as should_warn,
      count(*) != 0 as should_error
    from (
      
    
    

with dbt_test__target as (

  select date as unique_field
  from `football-data-pipeline`.`football_data_gold`.`dim_dates`
  where date is not null

)

select
    unique_field,
    count(*) as n_records

from dbt_test__target
group by unique_field
having count(*) > 1



      
    ) dbt_internal_test
[0m12:41:06.710676 [debug] [Thread-3  ]: BigQuery adapter: https://console.cloud.google.com/bigquery?project=football-data-pipeline&j=bq:EU:f5b40eaf-f096-4ad5-91fb-63fd37bf271e&page=queryresults
[0m12:41:06.772626 [debug] [Thread-2  ]: BigQuery adapter: https://console.cloud.google.com/bigquery?project=football-data-pipeline&j=bq:EU:a97b245e-5493-430e-b957-8e3c22843cd5&page=queryresults
[0m12:41:06.834571 [debug] [Thread-1  ]: BigQuery adapter: https://console.cloud.google.com/bigquery?project=football-data-pipeline&j=bq:EU:5522dbd2-0780-4791-94a9-16e6843fe84e&page=queryresults
[0m12:41:07.039547 [info ] [Thread-3  ]: 83 of 92 PASS unique_dim_areas_area_code ....................................... [[32mPASS[0m in 1.01s]
[0m12:41:07.041215 [debug] [Thread-3  ]: Finished running node test.football_data_pipeline.unique_dim_areas_area_code.0aefa51ab3
[0m12:41:07.042261 [debug] [Thread-3  ]: Began running node test.football_data_pipeline.unique_dim_players_player_id.186a7aa709
[0m12:41:07.043060 [info ] [Thread-3  ]: 87 of 92 START test unique_dim_players_player_id ............................... [RUN]
[0m12:41:07.043797 [debug] [Thread-3  ]: Re-using an available connection from the pool (formerly test.football_data_pipeline.unique_dim_areas_area_code.0aefa51ab3, now test.football_data_pipeline.unique_dim_players_player_id.186a7aa709)
[0m12:41:07.044541 [debug] [Thread-3  ]: Began compiling node test.football_data_pipeline.unique_dim_players_player_id.186a7aa709
[0m12:41:07.049772 [debug] [Thread-3  ]: Writing injected SQL for node "test.football_data_pipeline.unique_dim_players_player_id.186a7aa709"
[0m12:41:07.059423 [debug] [Thread-3  ]: Began executing node test.football_data_pipeline.unique_dim_players_player_id.186a7aa709
[0m12:41:07.063259 [debug] [Thread-3  ]: Writing runtime sql for node "test.football_data_pipeline.unique_dim_players_player_id.186a7aa709"
[0m12:41:07.071221 [debug] [Thread-3  ]: Opening a new connection, currently in state closed
[0m12:41:07.106602 [debug] [Thread-3  ]: On test.football_data_pipeline.unique_dim_players_player_id.186a7aa709: /* {"app": "dbt", "dbt_version": "1.8.7", "profile_name": "football_data_pipeline", "target_name": "dev", "node_id": "test.football_data_pipeline.unique_dim_players_player_id.186a7aa709"} */
select
      count(*) as failures,
      count(*) != 0 as should_warn,
      count(*) != 0 as should_error
    from (
      
    
    

with dbt_test__target as (

  select player_id as unique_field
  from `football-data-pipeline`.`football_data_gold`.`dim_players`
  where player_id is not null

)

select
    unique_field,
    count(*) as n_records

from dbt_test__target
group by unique_field
having count(*) > 1



      
    ) dbt_internal_test
[0m12:41:07.116866 [info ] [Thread-2  ]: 85 of 92 PASS unique_dim_competitions_competition_id ........................... [[32mPASS[0m in 1.00s]
[0m12:41:07.118292 [debug] [Thread-2  ]: Finished running node test.football_data_pipeline.unique_dim_competitions_competition_id.519064a676
[0m12:41:07.119210 [debug] [Thread-2  ]: Began running node test.football_data_pipeline.unique_dim_referees_referee_id.5cfb601bbc
[0m12:41:07.120076 [info ] [Thread-2  ]: 88 of 92 START test unique_dim_referees_referee_id ............................. [RUN]
[0m12:41:07.120872 [debug] [Thread-2  ]: Re-using an available connection from the pool (formerly test.football_data_pipeline.unique_dim_competitions_competition_id.519064a676, now test.football_data_pipeline.unique_dim_referees_referee_id.5cfb601bbc)
[0m12:41:07.121595 [debug] [Thread-2  ]: Began compiling node test.football_data_pipeline.unique_dim_referees_referee_id.5cfb601bbc
[0m12:41:07.126949 [debug] [Thread-2  ]: Writing injected SQL for node "test.football_data_pipeline.unique_dim_referees_referee_id.5cfb601bbc"
[0m12:41:07.134404 [debug] [Thread-2  ]: Began executing node test.football_data_pipeline.unique_dim_referees_referee_id.5cfb601bbc
[0m12:41:07.138030 [debug] [Thread-2  ]: Writing runtime sql for node "test.football_data_pipeline.unique_dim_referees_referee_id.5cfb601bbc"
[0m12:41:07.146051 [debug] [Thread-2  ]: Opening a new connection, currently in state closed
[0m12:41:07.160274 [debug] [Thread-4  ]: BigQuery adapter: https://console.cloud.google.com/bigquery?project=football-data-pipeline&j=bq:EU:dae98256-ea69-49bb-ade7-7c3ad35303bb&page=queryresults
[0m12:41:07.180836 [debug] [Thread-2  ]: On test.football_data_pipeline.unique_dim_referees_referee_id.5cfb601bbc: /* {"app": "dbt", "dbt_version": "1.8.7", "profile_name": "football_data_pipeline", "target_name": "dev", "node_id": "test.football_data_pipeline.unique_dim_referees_referee_id.5cfb601bbc"} */
select
      count(*) as failures,
      count(*) != 0 as should_warn,
      count(*) != 0 as should_error
    from (
      
    
    

with dbt_test__target as (

  select referee_id as unique_field
  from `football-data-pipeline`.`football_data_gold`.`dim_referees`
  where referee_id is not null

)

select
    unique_field,
    count(*) as n_records

from dbt_test__target
group by unique_field
having count(*) > 1



      
    ) dbt_internal_test
[0m12:41:07.192510 [info ] [Thread-1  ]: 86 of 92 PASS unique_dim_dates_date ............................................ [[32mPASS[0m in 1.04s]
[0m12:41:07.193571 [debug] [Thread-1  ]: Finished running node test.football_data_pipeline.unique_dim_dates_date.bab48d2068
[0m12:41:07.195027 [debug] [Thread-1  ]: Began running node test.football_data_pipeline.unique_dim_seasons_season_id.82703091f8
[0m12:41:07.195904 [info ] [Thread-1  ]: 89 of 92 START test unique_dim_seasons_season_id ............................... [RUN]
[0m12:41:07.197883 [debug] [Thread-1  ]: Re-using an available connection from the pool (formerly test.football_data_pipeline.unique_dim_dates_date.bab48d2068, now test.football_data_pipeline.unique_dim_seasons_season_id.82703091f8)
[0m12:41:07.198703 [debug] [Thread-1  ]: Began compiling node test.football_data_pipeline.unique_dim_seasons_season_id.82703091f8
[0m12:41:07.203888 [debug] [Thread-1  ]: Writing injected SQL for node "test.football_data_pipeline.unique_dim_seasons_season_id.82703091f8"
[0m12:41:07.210399 [debug] [Thread-1  ]: Began executing node test.football_data_pipeline.unique_dim_seasons_season_id.82703091f8
[0m12:41:07.218506 [debug] [Thread-1  ]: Writing runtime sql for node "test.football_data_pipeline.unique_dim_seasons_season_id.82703091f8"
[0m12:41:07.225282 [debug] [Thread-1  ]: Opening a new connection, currently in state closed
[0m12:41:07.259543 [debug] [Thread-1  ]: On test.football_data_pipeline.unique_dim_seasons_season_id.82703091f8: /* {"app": "dbt", "dbt_version": "1.8.7", "profile_name": "football_data_pipeline", "target_name": "dev", "node_id": "test.football_data_pipeline.unique_dim_seasons_season_id.82703091f8"} */
select
      count(*) as failures,
      count(*) != 0 as should_warn,
      count(*) != 0 as should_error
    from (
      
    
    

with dbt_test__target as (

  select season_id as unique_field
  from `football-data-pipeline`.`football_data_gold`.`dim_seasons`
  where season_id is not null

)

select
    unique_field,
    count(*) as n_records

from dbt_test__target
group by unique_field
having count(*) > 1



      
    ) dbt_internal_test
[0m12:41:07.479020 [info ] [Thread-4  ]: 84 of 92 PASS unique_dim_coaches_coach_id ...................................... [[32mPASS[0m in 1.40s]
[0m12:41:07.480415 [debug] [Thread-4  ]: Finished running node test.football_data_pipeline.unique_dim_coaches_coach_id.ed614ba569
[0m12:41:07.481337 [debug] [Thread-4  ]: Began running node test.football_data_pipeline.unique_fact_matches_match_id.df76c07dd8
[0m12:41:07.482462 [info ] [Thread-4  ]: 90 of 92 START test unique_fact_matches_match_id ............................... [RUN]
[0m12:41:07.483215 [debug] [Thread-4  ]: Re-using an available connection from the pool (formerly test.football_data_pipeline.unique_dim_coaches_coach_id.ed614ba569, now test.football_data_pipeline.unique_fact_matches_match_id.df76c07dd8)
[0m12:41:07.483889 [debug] [Thread-4  ]: Began compiling node test.football_data_pipeline.unique_fact_matches_match_id.df76c07dd8
[0m12:41:07.488848 [debug] [Thread-4  ]: Writing injected SQL for node "test.football_data_pipeline.unique_fact_matches_match_id.df76c07dd8"
[0m12:41:07.496496 [debug] [Thread-4  ]: Began executing node test.football_data_pipeline.unique_fact_matches_match_id.df76c07dd8
[0m12:41:07.500544 [debug] [Thread-4  ]: Writing runtime sql for node "test.football_data_pipeline.unique_fact_matches_match_id.df76c07dd8"
[0m12:41:07.507584 [debug] [Thread-4  ]: Opening a new connection, currently in state closed
[0m12:41:07.544655 [debug] [Thread-4  ]: On test.football_data_pipeline.unique_fact_matches_match_id.df76c07dd8: /* {"app": "dbt", "dbt_version": "1.8.7", "profile_name": "football_data_pipeline", "target_name": "dev", "node_id": "test.football_data_pipeline.unique_fact_matches_match_id.df76c07dd8"} */
select
      count(*) as failures,
      count(*) != 0 as should_warn,
      count(*) != 0 as should_error
    from (
      
    
    

with dbt_test__target as (

  select match_id as unique_field
  from `football-data-pipeline`.`football_data_gold`.`fact_matches`
  where match_id is not null

)

select
    unique_field,
    count(*) as n_records

from dbt_test__target
group by unique_field
having count(*) > 1



      
    ) dbt_internal_test
[0m12:41:07.738409 [debug] [Thread-2  ]: BigQuery adapter: https://console.cloud.google.com/bigquery?project=football-data-pipeline&j=bq:EU:04317cb7-0576-4ce7-9d42-86bc42a43501&page=queryresults
[0m12:41:07.854927 [debug] [Thread-3  ]: BigQuery adapter: https://console.cloud.google.com/bigquery?project=football-data-pipeline&j=bq:EU:704d3915-7604-4ce2-b901-dec79a9e9c0f&page=queryresults
[0m12:41:07.871633 [debug] [Thread-1  ]: BigQuery adapter: https://console.cloud.google.com/bigquery?project=football-data-pipeline&j=bq:EU:cbbb9b26-bf5c-493c-ab97-fccd4dca3486&page=queryresults
[0m12:41:08.053825 [info ] [Thread-2  ]: 88 of 92 PASS unique_dim_referees_referee_id ................................... [[32mPASS[0m in 0.93s]
[0m12:41:08.055018 [debug] [Thread-2  ]: Finished running node test.football_data_pipeline.unique_dim_referees_referee_id.5cfb601bbc
[0m12:41:08.055891 [debug] [Thread-2  ]: Began running node test.football_data_pipeline.unique_fact_standings_position.0e957c28d6
[0m12:41:08.056862 [info ] [Thread-2  ]: 91 of 92 START test unique_fact_standings_position ............................. [RUN]
[0m12:41:08.057999 [debug] [Thread-2  ]: Re-using an available connection from the pool (formerly test.football_data_pipeline.unique_dim_referees_referee_id.5cfb601bbc, now test.football_data_pipeline.unique_fact_standings_position.0e957c28d6)
[0m12:41:08.058868 [debug] [Thread-2  ]: Began compiling node test.football_data_pipeline.unique_fact_standings_position.0e957c28d6
[0m12:41:08.063704 [debug] [Thread-2  ]: Writing injected SQL for node "test.football_data_pipeline.unique_fact_standings_position.0e957c28d6"
[0m12:41:08.071871 [debug] [Thread-2  ]: Began executing node test.football_data_pipeline.unique_fact_standings_position.0e957c28d6
[0m12:41:08.075562 [debug] [Thread-2  ]: Writing runtime sql for node "test.football_data_pipeline.unique_fact_standings_position.0e957c28d6"
[0m12:41:08.084321 [debug] [Thread-2  ]: Opening a new connection, currently in state closed
[0m12:41:08.118045 [debug] [Thread-2  ]: On test.football_data_pipeline.unique_fact_standings_position.0e957c28d6: /* {"app": "dbt", "dbt_version": "1.8.7", "profile_name": "football_data_pipeline", "target_name": "dev", "node_id": "test.football_data_pipeline.unique_fact_standings_position.0e957c28d6"} */
select
      count(*) as failures,
      count(*) != 0 as should_warn,
      count(*) != 0 as should_error
    from (
      
    
    

with dbt_test__target as (

  select position as unique_field
  from `football-data-pipeline`.`football_data_gold`.`fact_standings`
  where position is not null

)

select
    unique_field,
    count(*) as n_records

from dbt_test__target
group by unique_field
having count(*) > 1



      
    ) dbt_internal_test
[0m12:41:08.182476 [info ] [Thread-3  ]: 87 of 92 PASS unique_dim_players_player_id ..................................... [[32mPASS[0m in 1.14s]
[0m12:41:08.183894 [debug] [Thread-3  ]: Finished running node test.football_data_pipeline.unique_dim_players_player_id.186a7aa709
[0m12:41:08.184931 [debug] [Thread-3  ]: Began running node test.football_data_pipeline.unique_fact_standings_team_id.2582be5fe8
[0m12:41:08.185844 [info ] [Thread-3  ]: 92 of 92 START test unique_fact_standings_team_id .............................. [RUN]
[0m12:41:08.186689 [debug] [Thread-3  ]: Re-using an available connection from the pool (formerly test.football_data_pipeline.unique_dim_players_player_id.186a7aa709, now test.football_data_pipeline.unique_fact_standings_team_id.2582be5fe8)
[0m12:41:08.187418 [debug] [Thread-3  ]: Began compiling node test.football_data_pipeline.unique_fact_standings_team_id.2582be5fe8
[0m12:41:08.192938 [debug] [Thread-3  ]: Writing injected SQL for node "test.football_data_pipeline.unique_fact_standings_team_id.2582be5fe8"
[0m12:41:08.195797 [info ] [Thread-1  ]: 89 of 92 PASS unique_dim_seasons_season_id ..................................... [[32mPASS[0m in 1.00s]
[0m12:41:08.197414 [debug] [Thread-1  ]: Finished running node test.football_data_pipeline.unique_dim_seasons_season_id.82703091f8
[0m12:41:08.203494 [debug] [Thread-3  ]: Began executing node test.football_data_pipeline.unique_fact_standings_team_id.2582be5fe8
[0m12:41:08.208877 [debug] [Thread-3  ]: Writing runtime sql for node "test.football_data_pipeline.unique_fact_standings_team_id.2582be5fe8"
[0m12:41:08.217666 [debug] [Thread-3  ]: Opening a new connection, currently in state closed
[0m12:41:08.229327 [debug] [Thread-4  ]: BigQuery adapter: https://console.cloud.google.com/bigquery?project=football-data-pipeline&j=bq:EU:c39e846e-89a3-4e45-8e06-237a66ce2188&page=queryresults
[0m12:41:08.252685 [debug] [Thread-3  ]: On test.football_data_pipeline.unique_fact_standings_team_id.2582be5fe8: /* {"app": "dbt", "dbt_version": "1.8.7", "profile_name": "football_data_pipeline", "target_name": "dev", "node_id": "test.football_data_pipeline.unique_fact_standings_team_id.2582be5fe8"} */
select
      count(*) as failures,
      count(*) != 0 as should_warn,
      count(*) != 0 as should_error
    from (
      
    
    

with dbt_test__target as (

  select team_id as unique_field
  from `football-data-pipeline`.`football_data_gold`.`fact_standings`
  where team_id is not null

)

select
    unique_field,
    count(*) as n_records

from dbt_test__target
group by unique_field
having count(*) > 1



      
    ) dbt_internal_test
[0m12:41:08.518197 [debug] [Thread-2  ]: BigQuery adapter: https://console.cloud.google.com/bigquery?project=football-data-pipeline&j=bq:EU:61c6b03e-8101-43f6-a650-cf11e997f717&page=queryresults
[0m12:41:08.519308 [debug] [Thread-2  ]: BigQuery adapter: Retry attempt 1 of 1 after error: BadRequest('Unrecognized name: position at [15:9]; reason: invalidQuery, location: query, message: Unrecognized name: position at [15:9]')
[0m12:41:08.570882 [info ] [Thread-4  ]: 90 of 92 PASS unique_fact_matches_match_id ..................................... [[32mPASS[0m in 1.09s]
[0m12:41:08.572082 [debug] [Thread-4  ]: Finished running node test.football_data_pipeline.unique_fact_matches_match_id.df76c07dd8
[0m12:41:08.859532 [debug] [Thread-3  ]: BigQuery adapter: https://console.cloud.google.com/bigquery?project=football-data-pipeline&j=bq:EU:57e70d79-8b49-45c7-9f2c-7acf4b51e884&page=queryresults
[0m12:41:09.207576 [info ] [Thread-3  ]: 92 of 92 PASS unique_fact_standings_team_id .................................... [[32mPASS[0m in 1.02s]
[0m12:41:09.208848 [debug] [Thread-3  ]: Finished running node test.football_data_pipeline.unique_fact_standings_team_id.2582be5fe8
[0m12:41:09.668459 [debug] [Thread-2  ]: BigQuery adapter: https://console.cloud.google.com/bigquery?project=football-data-pipeline&j=bq:EU:5094a577-1d70-4ef2-a803-ea3cac85273c&page=queryresults
[0m12:41:09.669624 [error] [Thread-2  ]: BigQuery adapter: https://console.cloud.google.com/bigquery?project=football-data-pipeline&j=bq:EU:5094a577-1d70-4ef2-a803-ea3cac85273c&page=queryresults
[0m12:41:09.671332 [debug] [Thread-2  ]: Database Error in test unique_fact_standings_position (models/gold/schema_tests.yml)
  Unrecognized name: position at [15:9]
  compiled code at target/run/football_data_pipeline/models/gold/schema_tests.yml/unique_fact_standings_position.sql
[0m12:41:09.672267 [error] [Thread-2  ]: 91 of 92 ERROR unique_fact_standings_position .................................. [[31mERROR[0m in 1.61s]
[0m12:41:09.673264 [debug] [Thread-2  ]: Finished running node test.football_data_pipeline.unique_fact_standings_position.0e957c28d6
[0m12:41:09.676080 [debug] [MainThread]: Connection 'master' was properly closed.
[0m12:41:09.676745 [debug] [MainThread]: Connection 'test.football_data_pipeline.unique_fact_standings_position.0e957c28d6' was properly closed.
[0m12:41:09.677345 [debug] [MainThread]: Connection 'test.football_data_pipeline.unique_fact_standings_team_id.2582be5fe8' was properly closed.
[0m12:41:09.677945 [debug] [MainThread]: Connection 'test.football_data_pipeline.unique_dim_seasons_season_id.82703091f8' was properly closed.
[0m12:41:09.678514 [debug] [MainThread]: Connection 'test.football_data_pipeline.unique_fact_matches_match_id.df76c07dd8' was properly closed.
[0m12:41:09.679252 [info ] [MainThread]: 
[0m12:41:09.679891 [info ] [MainThread]: Finished running 92 data tests in 0 hours 0 minutes and 26.77 seconds (26.77s).
[0m12:41:09.698140 [debug] [MainThread]: Command end result
[0m12:41:09.981635 [info ] [MainThread]: 
[0m12:41:09.982502 [info ] [MainThread]: [31mCompleted with 14 errors and 0 warnings:[0m
[0m12:41:09.983225 [info ] [MainThread]: 
[0m12:41:09.983955 [error] [MainThread]:   Database Error in test contract_start_before_end_dim_coaches_ (models/gold/schema_tests.yml)
  Unrecognized name: contract_start at [10:11]
  compiled code at target/run/football_data_pipeline/models/gold/schema_tests.yml/contract_start_before_end_dim_coaches_.sql
[0m12:41:09.984549 [info ] [MainThread]: 
[0m12:41:09.985253 [error] [MainThread]:   Database Error in test goal_difference_and_points_valid_fact_standings_ (models/gold/schema_tests.yml)
  No matching signature for operator - for argument types: STRING, STRING. Supported signatures: INT64 - INT64; NUMERIC - NUMERIC; BIGNUMERIC - BIGNUMERIC; FLOAT64 - FLOAT64; DATE - INT64; DATE - DATE; TIMESTAMP - TIMESTAMP; DATETIME - DATETIME; TIME - TIME; TIMESTAMP - INTERVAL; DATE - INTERVAL; DATETIME - INTERVAL; INTERVAL - INTERVAL at [11:29]
  compiled code at target/run/football_data_pipeline/models/gold/schema_tests.yml/goal_difference_and_points_valid_fact_standings_.sql
[0m12:41:09.985840 [info ] [MainThread]: 
[0m12:41:09.986500 [error] [MainThread]:   Database Error in test date_of_birth_more_than_10_years_ago_dim_players_ (models/gold/schema_tests.yml)
  Unrecognized name: date_of_birth at [10:11]
  compiled code at target/run/football_data_pipeline/models/gold/schema_tests.yml/date_of_birth_more_than_10_years_ago_dim_players_.sql
[0m12:41:09.987078 [info ] [MainThread]: 
[0m12:41:09.987775 [error] [MainThread]:   Database Error in test not_null_dim_coaches_date_of_birth (models/gold/schema_tests.yml)
  Unrecognized name: date_of_birth at [15:7]
  compiled code at target/run/football_data_pipeline/models/gold/schema_tests.yml/not_null_dim_coaches_date_of_birth.sql
[0m12:41:09.988418 [info ] [MainThread]: 
[0m12:41:09.989100 [error] [MainThread]:   Database Error in test not_null_dim_coaches_contract_start (models/gold/schema_tests.yml)
  Unrecognized name: contract_start at [15:7]
  compiled code at target/run/football_data_pipeline/models/gold/schema_tests.yml/not_null_dim_coaches_contract_start.sql
[0m12:41:09.989677 [info ] [MainThread]: 
[0m12:41:09.990366 [error] [MainThread]:   Database Error in test not_null_dim_coaches_contract_until (models/gold/schema_tests.yml)
  Unrecognized name: contract_until at [15:7]
  compiled code at target/run/football_data_pipeline/models/gold/schema_tests.yml/not_null_dim_coaches_contract_until.sql
[0m12:41:09.991030 [info ] [MainThread]: 
[0m12:41:09.991731 [error] [MainThread]:   Database Error in test not_null_dim_coaches_nationality (models/gold/schema_tests.yml)
  Unrecognized name: nationality at [15:7]
  compiled code at target/run/football_data_pipeline/models/gold/schema_tests.yml/not_null_dim_coaches_nationality.sql
[0m12:41:09.992345 [info ] [MainThread]: 
[0m12:41:09.993054 [error] [MainThread]:   Database Error in test not_null_dim_competitions_code (models/gold/schema_tests.yml)
  Unrecognized name: code at [15:7]
  compiled code at target/run/football_data_pipeline/models/gold/schema_tests.yml/not_null_dim_competitions_code.sql
[0m12:41:09.993647 [info ] [MainThread]: 
[0m12:41:09.994307 [error] [MainThread]:   Database Error in test not_null_dim_competitions_type (models/gold/schema_tests.yml)
  Unrecognized name: type at [15:7]
  compiled code at target/run/football_data_pipeline/models/gold/schema_tests.yml/not_null_dim_competitions_type.sql
[0m12:41:09.994901 [info ] [MainThread]: 
[0m12:41:09.995572 [error] [MainThread]:   Database Error in test not_null_dim_players_nationality (models/gold/schema_tests.yml)
  Unrecognized name: nationality at [15:7]
  compiled code at target/run/football_data_pipeline/models/gold/schema_tests.yml/not_null_dim_players_nationality.sql
[0m12:41:09.996164 [info ] [MainThread]: 
[0m12:41:09.996831 [error] [MainThread]:   Database Error in test not_null_dim_players_position (models/gold/schema_tests.yml)
  Unrecognized name: position at [15:7]
  compiled code at target/run/football_data_pipeline/models/gold/schema_tests.yml/not_null_dim_players_position.sql
[0m12:41:09.997422 [info ] [MainThread]: 
[0m12:41:09.998092 [error] [MainThread]:   Database Error in test not_null_dim_referees_nationality (models/gold/schema_tests.yml)
  Unrecognized name: nationality at [15:7]
  compiled code at target/run/football_data_pipeline/models/gold/schema_tests.yml/not_null_dim_referees_nationality.sql
[0m12:41:09.999248 [info ] [MainThread]: 
[0m12:41:09.999923 [error] [MainThread]:   Database Error in test not_null_fact_standings_position (models/gold/schema_tests.yml)
  Unrecognized name: position at [15:7]
  compiled code at target/run/football_data_pipeline/models/gold/schema_tests.yml/not_null_fact_standings_position.sql
[0m12:41:10.000716 [info ] [MainThread]: 
[0m12:41:10.001399 [error] [MainThread]:   Database Error in test unique_fact_standings_position (models/gold/schema_tests.yml)
  Unrecognized name: position at [15:9]
  compiled code at target/run/football_data_pipeline/models/gold/schema_tests.yml/unique_fact_standings_position.sql
[0m12:41:10.002269 [info ] [MainThread]: 
[0m12:41:10.002934 [info ] [MainThread]: Done. PASS=78 WARN=0 ERROR=14 SKIP=0 TOTAL=92
[0m12:41:10.004149 [debug] [MainThread]: Resource report: {"command_name": "test", "command_wall_clock_time": 31.789455, "process_user_time": 14.196273, "process_kernel_time": 1.13173, "process_mem_max_rss": "286156", "command_success": false, "process_in_blocks": "0", "process_out_blocks": "0"}
[0m12:41:10.005105 [debug] [MainThread]: Command `dbt test` failed at 12:41:10.004989 after 31.79 seconds
[0m12:41:10.005779 [debug] [MainThread]: Sending event: {'category': 'dbt', 'action': 'invocation', 'label': 'end', 'context': [<snowplow_tracker.self_describing_json.SelfDescribingJson object at 0x7f62b7888160>, <snowplow_tracker.self_describing_json.SelfDescribingJson object at 0x7f62b72a50d0>, <snowplow_tracker.self_describing_json.SelfDescribingJson object at 0x7f62ab67bb80>]}
[0m12:41:10.006444 [debug] [MainThread]: Flushing usage events
